Supermemory FTS5 Database Initialized.
[Phase 3D] Orchestrating Local Python Vector Embedder...
[Phase 3D] Initializing isolated Python venv for Semantic Search...
[Phase 3D] Validating ML dependencies (`sentence-transformers`, `flask`)...
[Phase 3D] Downloading huggingface packages (first boot only - this takes a minute)...
Collecting sentence-transformers
  Downloading sentence_transformers-5.2.3-py3-none-any.whl.metadata (16 kB)
Collecting flask
  Downloading flask-3.1.3-py3-none-any.whl.metadata (3.2 kB)
Collecting transformers<6.0.0,>=4.41.0 (from sentence-transformers)
  Downloading transformers-5.2.0-py3-none-any.whl.metadata (32 kB)
Collecting huggingface-hub>=0.20.0 (from sentence-transformers)
  Downloading huggingface_hub-1.5.0-py3-none-any.whl.metadata (13 kB)
Collecting torch>=1.11.0 (from sentence-transformers)
  Using cached torch-2.10.0-cp314-cp314-macosx_14_0_arm64.whl.metadata (31 kB)
Collecting numpy (from sentence-transformers)
  Using cached numpy-2.4.2-cp314-cp314-macosx_14_0_arm64.whl.metadata (6.6 kB)
Collecting scikit-learn (from sentence-transformers)
  Using cached scikit_learn-1.8.0-cp314-cp314-macosx_12_0_arm64.whl.metadata (11 kB)
Collecting scipy (from sentence-transformers)
  Downloading scipy-1.17.1-cp314-cp314-macosx_14_0_arm64.whl.metadata (62 kB)
Collecting typing_extensions>=4.5.0 (from sentence-transformers)
  Using cached typing_extensions-4.15.0-py3-none-any.whl.metadata (3.3 kB)
Collecting tqdm (from sentence-transformers)
  Downloading tqdm-4.67.3-py3-none-any.whl.metadata (57 kB)
Collecting packaging>=20.0 (from transformers<6.0.0,>=4.41.0->sentence-transformers)
  Using cached packaging-26.0-py3-none-any.whl.metadata (3.3 kB)
Collecting pyyaml>=5.1 (from transformers<6.0.0,>=4.41.0->sentence-transformers)
  Using cached pyyaml-6.0.3-cp314-cp314-macosx_11_0_arm64.whl.metadata (2.4 kB)
Collecting regex!=2019.12.17 (from transformers<6.0.0,>=4.41.0->sentence-transformers)
  Downloading regex-2026.2.19-cp314-cp314-macosx_11_0_arm64.whl.metadata (40 kB)
Collecting tokenizers<=0.23.0,>=0.22.0 (from transformers<6.0.0,>=4.41.0->sentence-transformers)
  Downloading tokenizers-0.22.2-cp39-abi3-macosx_11_0_arm64.whl.metadata (7.3 kB)
Collecting typer-slim (from transformers<6.0.0,>=4.41.0->sentence-transformers)
  Downloading typer_slim-0.24.0-py3-none-any.whl.metadata (4.2 kB)
Collecting safetensors>=0.4.3 (from transformers<6.0.0,>=4.41.0->sentence-transformers)
  Downloading safetensors-0.7.0-cp38-abi3-macosx_11_0_arm64.whl.metadata (4.1 kB)
Collecting filelock>=3.10.0 (from huggingface-hub>=0.20.0->sentence-transformers)
  Downloading filelock-3.24.3-py3-none-any.whl.metadata (2.0 kB)
Collecting fsspec>=2023.5.0 (from huggingface-hub>=0.20.0->sentence-transformers)
  Downloading fsspec-2026.2.0-py3-none-any.whl.metadata (10 kB)
Collecting hf-xet<2.0.0,>=1.2.0 (from huggingface-hub>=0.20.0->sentence-transformers)
  Downloading hf_xet-1.3.1-cp37-abi3-macosx_11_0_arm64.whl.metadata (4.9 kB)
Collecting httpx<1,>=0.23.0 (from huggingface-hub>=0.20.0->sentence-transformers)
  Using cached httpx-0.28.1-py3-none-any.whl.metadata (7.1 kB)
Collecting typer (from huggingface-hub>=0.20.0->sentence-transformers)
  Downloading typer-0.24.1-py3-none-any.whl.metadata (16 kB)
Collecting anyio (from httpx<1,>=0.23.0->huggingface-hub>=0.20.0->sentence-transformers)
  Using cached anyio-4.12.1-py3-none-any.whl.metadata (4.3 kB)
Collecting certifi (from httpx<1,>=0.23.0->huggingface-hub>=0.20.0->sentence-transformers)
  Downloading certifi-2026.2.25-py3-none-any.whl.metadata (2.5 kB)
Collecting httpcore==1.* (from httpx<1,>=0.23.0->huggingface-hub>=0.20.0->sentence-transformers)
  Using cached httpcore-1.0.9-py3-none-any.whl.metadata (21 kB)
Collecting idna (from httpx<1,>=0.23.0->huggingface-hub>=0.20.0->sentence-transformers)
  Using cached idna-3.11-py3-none-any.whl.metadata (8.4 kB)
Collecting h11>=0.16 (from httpcore==1.*->httpx<1,>=0.23.0->huggingface-hub>=0.20.0->sentence-transformers)
  Using cached h11-0.16.0-py3-none-any.whl.metadata (8.3 kB)
Collecting blinker>=1.9.0 (from flask)
  Downloading blinker-1.9.0-py3-none-any.whl.metadata (1.6 kB)
Collecting click>=8.1.3 (from flask)
  Using cached click-8.3.1-py3-none-any.whl.metadata (2.6 kB)
Collecting itsdangerous>=2.2.0 (from flask)
  Downloading itsdangerous-2.2.0-py3-none-any.whl.metadata (1.9 kB)
Collecting jinja2>=3.1.2 (from flask)
  Using cached jinja2-3.1.6-py3-none-any.whl.metadata (2.9 kB)
Collecting markupsafe>=2.1.1 (from flask)
  Using cached markupsafe-3.0.3-cp314-cp314-macosx_11_0_arm64.whl.metadata (2.7 kB)
Collecting werkzeug>=3.1.0 (from flask)
  Downloading werkzeug-3.1.6-py3-none-any.whl.metadata (4.0 kB)
Collecting setuptools (from torch>=1.11.0->sentence-transformers)
  Using cached setuptools-82.0.0-py3-none-any.whl.metadata (6.6 kB)
Collecting sympy>=1.13.3 (from torch>=1.11.0->sentence-transformers)
  Using cached sympy-1.14.0-py3-none-any.whl.metadata (12 kB)
Collecting networkx>=2.5.1 (from torch>=1.11.0->sentence-transformers)
  Using cached networkx-3.6.1-py3-none-any.whl.metadata (6.8 kB)
Collecting mpmath<1.4,>=1.1.0 (from sympy>=1.13.3->torch>=1.11.0->sentence-transformers)
  Using cached mpmath-1.3.0-py3-none-any.whl.metadata (8.6 kB)
Collecting joblib>=1.3.0 (from scikit-learn->sentence-transformers)
  Using cached joblib-1.5.3-py3-none-any.whl.metadata (5.5 kB)
Collecting threadpoolctl>=3.2.0 (from scikit-learn->sentence-transformers)
  Using cached threadpoolctl-3.6.0-py3-none-any.whl.metadata (13 kB)
Collecting shellingham>=1.3.0 (from typer->huggingface-hub>=0.20.0->sentence-transformers)
  Downloading shellingham-1.5.4-py2.py3-none-any.whl.metadata (3.5 kB)
Collecting rich>=12.3.0 (from typer->huggingface-hub>=0.20.0->sentence-transformers)
  Downloading rich-14.3.3-py3-none-any.whl.metadata (18 kB)
Collecting annotated-doc>=0.0.2 (from typer->huggingface-hub>=0.20.0->sentence-transformers)
  Using cached annotated_doc-0.0.4-py3-none-any.whl.metadata (6.6 kB)
Collecting markdown-it-py>=2.2.0 (from rich>=12.3.0->typer->huggingface-hub>=0.20.0->sentence-transformers)
  Using cached markdown_it_py-4.0.0-py3-none-any.whl.metadata (7.3 kB)
Collecting pygments<3.0.0,>=2.13.0 (from rich>=12.3.0->typer->huggingface-hub>=0.20.0->sentence-transformers)
  Using cached pygments-2.19.2-py3-none-any.whl.metadata (2.5 kB)
Collecting mdurl~=0.1 (from markdown-it-py>=2.2.0->rich>=12.3.0->typer->huggingface-hub>=0.20.0->sentence-transformers)
  Using cached mdurl-0.1.2-py3-none-any.whl.metadata (1.6 kB)
Downloading sentence_transformers-5.2.3-py3-none-any.whl (494 kB)
Downloading transformers-5.2.0-py3-none-any.whl (10.4 MB)
   ━━━━━━━━━━━━━━━━━━━━━━━━━━━━━━━━━━━━━━━━ 10.4/10.4 MB 13.4 MB/s  0:00:00
Downloading huggingface_hub-1.5.0-py3-none-any.whl (596 kB)
   ━━━━━━━━━━━━━━━━━━━━━━━━━━━━━━━━━━━━━━━━ 596.3/596.3 kB 14.7 MB/s  0:00:00
Downloading hf_xet-1.3.1-cp37-abi3-macosx_11_0_arm64.whl (3.5 MB)
   ━━━━━━━━━━━━━━━━━━━━━━━━━━━━━━━━━━━━━━━━ 3.5/3.5 MB 15.4 MB/s  0:00:00
Using cached httpx-0.28.1-py3-none-any.whl (73 kB)
Using cached httpcore-1.0.9-py3-none-any.whl (78 kB)
Downloading tokenizers-0.22.2-cp39-abi3-macosx_11_0_arm64.whl (3.0 MB)
   ━━━━━━━━━━━━━━━━━━━━━━━━━━━━━━━━━━━━━━━━ 3.0/3.0 MB 11.4 MB/s  0:00:00
Downloading flask-3.1.3-py3-none-any.whl (103 kB)
Downloading blinker-1.9.0-py3-none-any.whl (8.5 kB)
Using cached click-8.3.1-py3-none-any.whl (108 kB)
Downloading filelock-3.24.3-py3-none-any.whl (24 kB)
Downloading fsspec-2026.2.0-py3-none-any.whl (202 kB)
Using cached h11-0.16.0-py3-none-any.whl (37 kB)
Downloading itsdangerous-2.2.0-py3-none-any.whl (16 kB)
Using cached jinja2-3.1.6-py3-none-any.whl (134 kB)
Using cached markupsafe-3.0.3-cp314-cp314-macosx_11_0_arm64.whl (12 kB)
Using cached numpy-2.4.2-cp314-cp314-macosx_14_0_arm64.whl (5.2 MB)
Using cached packaging-26.0-py3-none-any.whl (74 kB)
Using cached pyyaml-6.0.3-cp314-cp314-macosx_11_0_arm64.whl (173 kB)
Downloading regex-2026.2.19-cp314-cp314-macosx_11_0_arm64.whl (289 kB)
Downloading safetensors-0.7.0-cp38-abi3-macosx_11_0_arm64.whl (447 kB)
Using cached torch-2.10.0-cp314-cp314-macosx_14_0_arm64.whl (79.5 MB)
Using cached networkx-3.6.1-py3-none-any.whl (2.1 MB)
Using cached sympy-1.14.0-py3-none-any.whl (6.3 MB)
Using cached mpmath-1.3.0-py3-none-any.whl (536 kB)
Downloading tqdm-4.67.3-py3-none-any.whl (78 kB)
Using cached typing_extensions-4.15.0-py3-none-any.whl (44 kB)
Downloading werkzeug-3.1.6-py3-none-any.whl (225 kB)
Using cached anyio-4.12.1-py3-none-any.whl (113 kB)
Using cached idna-3.11-py3-none-any.whl (71 kB)
Downloading certifi-2026.2.25-py3-none-any.whl (153 kB)
Using cached scikit_learn-1.8.0-cp314-cp314-macosx_12_0_arm64.whl (8.1 MB)
Using cached joblib-1.5.3-py3-none-any.whl (309 kB)
Downloading scipy-1.17.1-cp314-cp314-macosx_14_0_arm64.whl (20.3 MB)
   ━━━━━━━━━━━━━━━━━━━━━━━━━━━━━━━━━━━━━━━━ 20.3/20.3 MB 15.0 MB/s  0:00:01
Using cached threadpoolctl-3.6.0-py3-none-any.whl (18 kB)
Using cached setuptools-82.0.0-py3-none-any.whl (1.0 MB)
Downloading typer-0.24.1-py3-none-any.whl (56 kB)
Using cached annotated_doc-0.0.4-py3-none-any.whl (5.3 kB)
Downloading rich-14.3.3-py3-none-any.whl (310 kB)
Using cached pygments-2.19.2-py3-none-any.whl (1.2 MB)
Using cached markdown_it_py-4.0.0-py3-none-any.whl (87 kB)
Using cached mdurl-0.1.2-py3-none-any.whl (10.0 kB)
Downloading shellingham-1.5.4-py2.py3-none-any.whl (9.8 kB)
Downloading typer_slim-0.24.0-py3-none-any.whl (3.4 kB)
Installing collected packages: mpmath, typing_extensions, tqdm, threadpoolctl, sympy, shellingham, setuptools, safetensors, regex, pyyaml, pygments, packaging, numpy, networkx, mdurl, markupsafe, joblib, itsdangerous, idna, hf-xet, h11, fsspec, filelock, click, certifi, blinker, annotated-doc, werkzeug, scipy, markdown-it-py, jinja2, httpcore, anyio, torch, scikit-learn, rich, httpx, flask, typer, typer-slim, huggingface-hub, tokenizers, transformers, sentence-transformers

Successfully installed annotated-doc-0.0.4 anyio-4.12.1 blinker-1.9.0 certifi-2026.2.25 click-8.3.1 filelock-3.24.3 flask-3.1.3 fsspec-2026.2.0 h11-0.16.0 hf-xet-1.3.1 httpcore-1.0.9 httpx-0.28.1 huggingface-hub-1.5.0 idna-3.11 itsdangerous-2.2.0 jinja2-3.1.6 joblib-1.5.3 markdown-it-py-4.0.0 markupsafe-3.0.3 mdurl-0.1.2 mpmath-1.3.0 networkx-3.6.1 numpy-2.4.2 packaging-26.0 pygments-2.19.2 pyyaml-6.0.3 regex-2026.2.19 rich-14.3.3 safetensors-0.7.0 scikit-learn-1.8.0 scipy-1.17.1 sentence-transformers-5.2.3 setuptools-82.0.0 shellingham-1.5.4 sympy-1.14.0 threadpoolctl-3.6.0 tokenizers-0.22.2 torch-2.10.0 tqdm-4.67.3 transformers-5.2.0 typer-0.24.1 typer-slim-0.24.0 typing_extensions-4.15.0 werkzeug-3.1.6

[notice] A new release of pip is available: 25.3 -> 26.0.1
[notice] To update, run: /Users/vaiditya/.config/keith/embedder/venv/bin/python3.14 -m pip install --upgrade pip
[Phase 3D] Spawning Vector Matrix Engine...
[Phase 3D] Terminating Python ML Subprocess...
Warning: Failed to start Python Vector Engine: python vector engine failed to bind to port 8046 in time
Starting Telegram Bot adapter...
Starting Keith Gateway on http://localhost:8080
New Web UI client connected
